<testsuites name="ducktape" time="13.279100894927979" tests="2" disabled="0" errors="0" failures="0"><testsuite name="tests.ducktape.test_producer" tests="2" disabled="0" errors="0" failures="0" skipped="0"><testcase name="test_basic_produce.producer_type=async" classname="SimpleProducerTest" time="5.987107753753662" status="pass" assertions="" /><testcase name="test_basic_produce.producer_type=sync" classname="SimpleProducerTest" time="6.517499923706055" status="pass" assertions="" /></testsuite></testsuites>